26-Feb-2025 12:17:24.568 INFO [main] org.apache.catalina.startup.VersionLoggerListener.log Nom version serveur :              Apache Tomcat/9.0.99
26-Feb-2025 12:17:24.572 INFO [main] org.apache.catalina.startup.VersionLoggerListener.log Serveur compilé :                  Feb 4 2025 20:08:08 UTC
26-Feb-2025 12:17:24.572 INFO [main] org.apache.catalina.startup.VersionLoggerListener.log Version du serveur :               9.0.99.0
26-Feb-2025 12:17:24.573 INFO [main] org.apache.catalina.startup.VersionLoggerListener.log Nom de l'OS :                      Windows 11
26-Feb-2025 12:17:24.573 INFO [main] org.apache.catalina.startup.VersionLoggerListener.log Version OS :                       10.0
26-Feb-2025 12:17:24.573 INFO [main] org.apache.catalina.startup.VersionLoggerListener.log Architecture :                     amd64
26-Feb-2025 12:17:24.573 INFO [main] org.apache.catalina.startup.VersionLoggerListener.log Java Home :                        C:\Users\devja\.jdks\openjdk-23.0.1
26-Feb-2025 12:17:24.573 INFO [main] org.apache.catalina.startup.VersionLoggerListener.log Version JVM :                      23.0.1+11-39
26-Feb-2025 12:17:24.573 INFO [main] org.apache.catalina.startup.VersionLoggerListener.log Fournisseur de la JVM :            Oracle Corporation
26-Feb-2025 12:17:24.574 INFO [main] org.apache.catalina.startup.VersionLoggerListener.log CATALINA_BASE :                    C:\Users\devja\Desktop\java-jee\rendez-vous-login
26-Feb-2025 12:17:24.574 INFO [main] org.apache.catalina.startup.VersionLoggerListener.log CATALINA_HOME :                    C:\Program Files\Apache Software Foundation\Tomcat 9.0
26-Feb-2025 12:17:24.584 INFO [main] org.apache.catalina.startup.VersionLoggerListener.log Argument de la ligne de commande : --add-opens=java.base/java.lang=ALL-UNNAMED
26-Feb-2025 12:17:24.584 INFO [main] org.apache.catalina.startup.VersionLoggerListener.log Argument de la ligne de commande : --add-opens=java.base/java.io=ALL-UNNAMED
26-Feb-2025 12:17:24.584 INFO [main] org.apache.catalina.startup.VersionLoggerListener.log Argument de la ligne de commande : --add-opens=java.base/java.util=ALL-UNNAMED
26-Feb-2025 12:17:24.584 INFO [main] org.apache.catalina.startup.VersionLoggerListener.log Argument de la ligne de commande : --add-opens=java.base/java.util.concurrent=ALL-UNNAMED
26-Feb-2025 12:17:24.584 INFO [main] org.apache.catalina.startup.VersionLoggerListener.log Argument de la ligne de commande : --add-opens=java.rmi/sun.rmi.transport=ALL-UNNAMED
26-Feb-2025 12:17:24.585 INFO [main] org.apache.catalina.startup.VersionLoggerListener.log Argument de la ligne de commande : -Dcatalina.home=C:\Program Files\Apache Software Foundation\Tomcat 9.0
26-Feb-2025 12:17:24.585 INFO [main] org.apache.catalina.startup.VersionLoggerListener.log Argument de la ligne de commande : -Dcatalina.base=C:\Users\devja\Desktop\java-jee\rendez-vous-login
26-Feb-2025 12:17:24.585 INFO [main] org.apache.catalina.startup.VersionLoggerListener.log Argument de la ligne de commande : -Djava.io.tmpdir=C:\Users\devja\Desktop\java-jee\rendez-vous-login\temp
26-Feb-2025 12:17:24.585 INFO [main] org.apache.catalina.startup.VersionLoggerListener.log Argument de la ligne de commande : -Djava.util.logging.config.file=C:\Users\devja\Desktop\java-jee\rendez-vous-login\conf\logging.properties
26-Feb-2025 12:17:24.585 INFO [main] org.apache.catalina.startup.VersionLoggerListener.log Argument de la ligne de commande : -Djava.util.logging.manager=org.apache.juli.ClassLoaderLogManager
26-Feb-2025 12:17:24.585 INFO [main] org.apache.catalina.startup.VersionLoggerListener.log Argument de la ligne de commande : -javaagent:C:\Program Files\JetBrains\IntelliJ IDEA 2024.3\lib\idea_rt.jar=59386:C:\Program Files\JetBrains\IntelliJ IDEA 2024.3\bin
26-Feb-2025 12:17:24.585 INFO [main] org.apache.catalina.startup.VersionLoggerListener.log Argument de la ligne de commande : -Dfile.encoding=UTF-8
26-Feb-2025 12:17:24.585 INFO [main] org.apache.catalina.startup.VersionLoggerListener.log Argument de la ligne de commande : -Dsun.stdout.encoding=UTF-8
26-Feb-2025 12:17:24.585 INFO [main] org.apache.catalina.startup.VersionLoggerListener.log Argument de la ligne de commande : -Dsun.stderr.encoding=UTF-8
26-Feb-2025 12:17:24.591 INFO [main] org.apache.catalina.core.AprLifecycleListener.lifecycleEvent La librairie Apache Tomcat Native basée sur APR qui permet des performances optimales dans les environnements de production n'a pas été trouvée sur le java.library.path : [C:\Users\devja\.jdks\openjdk-23.0.1\bin;C:\WINDOWS\Sun\Java\bin;C:\WINDOWS\system32;C:\WINDOWS;C:\Program Files\Common Files\Oracle\Java\javapath;C:\Program Files (x86)\Common Files\Oracle\Java\java8path;C:\Program Files (x86)\Common Files\Oracle\Java\javapath;C:\WINDOWS\system32;C:\WINDOWS;C:\WINDOWS\System32\Wbem;C:\WINDOWS\System32\WindowsPowerShell\v1.0\;C:\WINDOWS\System32\OpenSSH\;C:\Program Files\Git\cmd;C:\Program Files\MySQL\MySQL Shell 8.0\bin\;C:\Users\devja\AppData\Local\Microsoft\WindowsApps;C:\Users\devja\AppData\Local\Programs\Microsoft VS Code\bin;C:\MinGW\bin;;C:\Users\devja\AppData\Local\spicetify;C:\Program Files\JetBrains\IntelliJ IDEA Community Edition 2024.3.1\bin;;C:\Users\devja\AppData\Local\Microsoft\WindowsApps;C:\Program Files\JetBrains\IntelliJ IDEA 2024.3\bin;;.]
26-Feb-2025 12:17:24.977 INFO [main] org.apache.coyote.AbstractProtocol.init Initialisation du gestionnaire de protocole ["http-nio-8080"]
26-Feb-2025 12:17:24.994 INFO [main] org.apache.catalina.startup.Catalina.load L'initialisation du serveur a pris [769] millisecondes
26-Feb-2025 12:17:25.063 INFO [main] org.apache.catalina.core.StandardService.startInternal Démarrage du service [Catalina]
26-Feb-2025 12:17:25.063 INFO [main] org.apache.catalina.core.StandardEngine.startInternal Démarrage du moteur de Servlets : [Apache Tomcat/9.0.99]
26-Feb-2025 12:17:25.078 INFO [main] org.apache.catalina.startup.HostConfig.deployDescriptor Déploiement du descripteur de configuration [C:\Users\devja\Desktop\java-jee\rendez-vous-login\conf\Catalina\localhost\rendez-vous-login.xml]
26-Feb-2025 12:17:25.532 INFO [main] org.apache.catalina.startup.HostConfig.deployDescriptor Le traitement du descripteur de déploiement [C:\Users\devja\Desktop\java-jee\rendez-vous-login\conf\Catalina\localhost\rendez-vous-login.xml] a pris [452] ms
26-Feb-2025 12:17:25.535 INFO [main] org.apache.coyote.AbstractProtocol.start Démarrage du gestionnaire de protocole ["http-nio-8080"]
26-Feb-2025 12:17:25.561 INFO [main] org.apache.catalina.startup.Catalina.start Le démarrage du serveur a pris [564] millisecondes
26-Feb-2025 12:18:11.048 INFO [Thread-1] org.apache.coyote.AbstractProtocol.pause Le gestionnaire de protocole ["http-nio-8080"] est mis en pause
26-Feb-2025 12:18:11.055 INFO [Thread-1] org.apache.catalina.core.StandardService.stopInternal Arrêt du service [Catalina]
26-Feb-2025 12:18:11.072 INFO [Thread-1] org.apache.coyote.AbstractProtocol.stop Arrêt du gestionnaire de protocole ["http-nio-8080"]
26-Feb-2025 12:18:11.087 INFO [Thread-1] org.apache.coyote.AbstractProtocol.destroy Destruction du gestionnaire de protocole ["http-nio-8080"]
26-Feb-2025 12:18:24.758 INFO [main] org.apache.catalina.startup.VersionLoggerListener.log Nom version serveur :              Apache Tomcat/9.0.99
26-Feb-2025 12:18:24.762 INFO [main] org.apache.catalina.startup.VersionLoggerListener.log Serveur compilé :                  Feb 4 2025 20:08:08 UTC
26-Feb-2025 12:18:24.762 INFO [main] org.apache.catalina.startup.VersionLoggerListener.log Version du serveur :               9.0.99.0
26-Feb-2025 12:18:24.762 INFO [main] org.apache.catalina.startup.VersionLoggerListener.log Nom de l'OS :                      Windows 11
26-Feb-2025 12:18:24.762 INFO [main] org.apache.catalina.startup.VersionLoggerListener.log Version OS :                       10.0
26-Feb-2025 12:18:24.762 INFO [main] org.apache.catalina.startup.VersionLoggerListener.log Architecture :                     amd64
26-Feb-2025 12:18:24.762 INFO [main] org.apache.catalina.startup.VersionLoggerListener.log Java Home :                        C:\Users\devja\.jdks\openjdk-23.0.1
26-Feb-2025 12:18:24.763 INFO [main] org.apache.catalina.startup.VersionLoggerListener.log Version JVM :                      23.0.1+11-39
26-Feb-2025 12:18:24.763 INFO [main] org.apache.catalina.startup.VersionLoggerListener.log Fournisseur de la JVM :            Oracle Corporation
26-Feb-2025 12:18:24.763 INFO [main] org.apache.catalina.startup.VersionLoggerListener.log CATALINA_BASE :                    C:\Users\devja\Desktop\java-jee\rendez-vous-login
26-Feb-2025 12:18:24.763 INFO [main] org.apache.catalina.startup.VersionLoggerListener.log CATALINA_HOME :                    C:\Program Files\Apache Software Foundation\Tomcat 9.0
26-Feb-2025 12:18:24.774 INFO [main] org.apache.catalina.startup.VersionLoggerListener.log Argument de la ligne de commande : --add-opens=java.base/java.lang=ALL-UNNAMED
26-Feb-2025 12:18:24.774 INFO [main] org.apache.catalina.startup.VersionLoggerListener.log Argument de la ligne de commande : --add-opens=java.base/java.io=ALL-UNNAMED
26-Feb-2025 12:18:24.774 INFO [main] org.apache.catalina.startup.VersionLoggerListener.log Argument de la ligne de commande : --add-opens=java.base/java.util=ALL-UNNAMED
26-Feb-2025 12:18:24.774 INFO [main] org.apache.catalina.startup.VersionLoggerListener.log Argument de la ligne de commande : --add-opens=java.base/java.util.concurrent=ALL-UNNAMED
26-Feb-2025 12:18:24.774 INFO [main] org.apache.catalina.startup.VersionLoggerListener.log Argument de la ligne de commande : --add-opens=java.rmi/sun.rmi.transport=ALL-UNNAMED
26-Feb-2025 12:18:24.774 INFO [main] org.apache.catalina.startup.VersionLoggerListener.log Argument de la ligne de commande : -Dcatalina.home=C:\Program Files\Apache Software Foundation\Tomcat 9.0
26-Feb-2025 12:18:24.775 INFO [main] org.apache.catalina.startup.VersionLoggerListener.log Argument de la ligne de commande : -Dcatalina.base=C:\Users\devja\Desktop\java-jee\rendez-vous-login
26-Feb-2025 12:18:24.775 INFO [main] org.apache.catalina.startup.VersionLoggerListener.log Argument de la ligne de commande : -Djava.io.tmpdir=C:\Users\devja\Desktop\java-jee\rendez-vous-login\temp
26-Feb-2025 12:18:24.775 INFO [main] org.apache.catalina.startup.VersionLoggerListener.log Argument de la ligne de commande : -Djava.util.logging.config.file=C:\Users\devja\Desktop\java-jee\rendez-vous-login\conf\logging.properties
26-Feb-2025 12:18:24.775 INFO [main] org.apache.catalina.startup.VersionLoggerListener.log Argument de la ligne de commande : -Djava.util.logging.manager=org.apache.juli.ClassLoaderLogManager
26-Feb-2025 12:18:24.775 INFO [main] org.apache.catalina.startup.VersionLoggerListener.log Argument de la ligne de commande : -javaagent:C:\Program Files\JetBrains\IntelliJ IDEA 2024.3\lib\idea_rt.jar=59398:C:\Program Files\JetBrains\IntelliJ IDEA 2024.3\bin
26-Feb-2025 12:18:24.775 INFO [main] org.apache.catalina.startup.VersionLoggerListener.log Argument de la ligne de commande : -Dfile.encoding=UTF-8
26-Feb-2025 12:18:24.775 INFO [main] org.apache.catalina.startup.VersionLoggerListener.log Argument de la ligne de commande : -Dsun.stdout.encoding=UTF-8
26-Feb-2025 12:18:24.775 INFO [main] org.apache.catalina.startup.VersionLoggerListener.log Argument de la ligne de commande : -Dsun.stderr.encoding=UTF-8
26-Feb-2025 12:18:24.780 INFO [main] org.apache.catalina.core.AprLifecycleListener.lifecycleEvent La librairie Apache Tomcat Native basée sur APR qui permet des performances optimales dans les environnements de production n'a pas été trouvée sur le java.library.path : [C:\Users\devja\.jdks\openjdk-23.0.1\bin;C:\WINDOWS\Sun\Java\bin;C:\WINDOWS\system32;C:\WINDOWS;C:\Program Files\Common Files\Oracle\Java\javapath;C:\Program Files (x86)\Common Files\Oracle\Java\java8path;C:\Program Files (x86)\Common Files\Oracle\Java\javapath;C:\WINDOWS\system32;C:\WINDOWS;C:\WINDOWS\System32\Wbem;C:\WINDOWS\System32\WindowsPowerShell\v1.0\;C:\WINDOWS\System32\OpenSSH\;C:\Program Files\Git\cmd;C:\Program Files\MySQL\MySQL Shell 8.0\bin\;C:\Users\devja\AppData\Local\Microsoft\WindowsApps;C:\Users\devja\AppData\Local\Programs\Microsoft VS Code\bin;C:\MinGW\bin;;C:\Users\devja\AppData\Local\spicetify;C:\Program Files\JetBrains\IntelliJ IDEA Community Edition 2024.3.1\bin;;C:\Users\devja\AppData\Local\Microsoft\WindowsApps;C:\Program Files\JetBrains\IntelliJ IDEA 2024.3\bin;;.]
26-Feb-2025 12:18:25.168 INFO [main] org.apache.coyote.AbstractProtocol.init Initialisation du gestionnaire de protocole ["http-nio-8080"]
26-Feb-2025 12:18:25.193 INFO [main] org.apache.catalina.startup.Catalina.load L'initialisation du serveur a pris [719] millisecondes
26-Feb-2025 12:18:25.261 INFO [main] org.apache.catalina.core.StandardService.startInternal Démarrage du service [Catalina]
26-Feb-2025 12:18:25.262 INFO [main] org.apache.catalina.core.StandardEngine.startInternal Démarrage du moteur de Servlets : [Apache Tomcat/9.0.99]
26-Feb-2025 12:18:25.275 INFO [main] org.apache.catalina.startup.HostConfig.deployDescriptor Déploiement du descripteur de configuration [C:\Users\devja\Desktop\java-jee\rendez-vous-login\conf\Catalina\localhost\rendez-vous-login.xml]
26-Feb-2025 12:18:25.720 INFO [main] org.apache.catalina.startup.HostConfig.deployDescriptor Le traitement du descripteur de déploiement [C:\Users\devja\Desktop\java-jee\rendez-vous-login\conf\Catalina\localhost\rendez-vous-login.xml] a pris [440] ms
26-Feb-2025 12:18:25.727 INFO [main] org.apache.coyote.AbstractProtocol.start Démarrage du gestionnaire de protocole ["http-nio-8080"]
26-Feb-2025 12:18:25.761 INFO [main] org.apache.catalina.startup.Catalina.start Le démarrage du serveur a pris [565] millisecondes
